\BOOKMARK [0][-]{chapter*.3}{Introducci\363n}{}% 1
\BOOKMARK [0][-]{chapter.1}{Marco de Referencia}{}% 2
\BOOKMARK [1][-]{section.1.1}{Misi\363n:}{chapter.1}% 3
\BOOKMARK [1][-]{section.1.2}{Visi\363n:}{chapter.1}% 4
\BOOKMARK [0][-]{chapter.2}{Bases Te\363ricas}{}% 5
\BOOKMARK [1][-]{section.2.1}{Programaci\363n Orientada a Objetos:}{chapter.2}% 6
\BOOKMARK [1][-]{section.2.2}{JAVA:}{chapter.2}% 7
\BOOKMARK [1][-]{section.2.3}{Procedimientos almacenados:}{chapter.2}% 8
\BOOKMARK [1][-]{section.2.4}{Hibernate:}{chapter.2}% 9
\BOOKMARK [1][-]{section.2.5}{Sistema de Gestor de Base De Datos\(SGBD\):}{chapter.2}% 10
\BOOKMARK [0][-]{chapter.3}{Aspectos Procedimentales}{}% 11
\BOOKMARK [1][-]{section.3.1}{Plan de trabajo:}{chapter.3}% 12
\BOOKMARK [1][-]{section.3.2}{Desarrollo del plan:}{chapter.3}% 13
\BOOKMARK [2][-]{subsection.3.2.1}{Introducci\363n a la empresa y al entendimiento de los sistemas:}{section.3.2}% 14
\BOOKMARK [2][-]{subsection.3.2.2}{Levantamiento de Requerimientos:}{section.3.2}% 15
\BOOKMARK [2][-]{subsection.3.2.3}{An\341lisis:}{section.3.2}% 16
\BOOKMARK [2][-]{subsection.3.2.4}{Dise\361o:}{section.3.2}% 17
\BOOKMARK [2][-]{subsection.3.2.5}{Implementaci\363n:}{section.3.2}% 18
\BOOKMARK [2][-]{subsection.3.2.6}{Pruebas:}{section.3.2}% 19
\BOOKMARK [1][-]{section.3.3}{Vinculaci\363n del proyecto con las materias de la carrera}{chapter.3}% 20
\BOOKMARK [0][-]{section.3.3}{Conclusiones}{}% 21
\BOOKMARK [0][-]{chapter*.4}{Bibliograf\355as}{}% 22
\BOOKMARK [0][-]{chapter*.5}{Anexos}{}% 23
\BOOKMARK [1][-]{section.3.4}{Creaci\363n de procedimientos Almacenados:}{chapter*.5}% 24
\BOOKMARK [1][-]{section.3.5}{Llamados a los procedimientos almacenados:}{chapter*.5}% 25
\BOOKMARK [1][-]{section.3.6}{Entidades en Hibernate:}{chapter*.5}% 26
\BOOKMARK [1][-]{section.3.7}{Archivo XML:}{chapter*.5}% 27
\BOOKMARK [1][-]{section.3.8}{Clase Migrate:}{chapter*.5}% 28
